mode: set
github.com/Marlliton/ffcmd/internal/ffmpeg/ffmpeg.go:20.23,24.2 1 1
github.com/Marlliton/ffcmd/internal/ffmpeg/global.go:13.50,17.2 3 1
github.com/Marlliton/ffcmd/internal/ffmpeg/global.go:20.44,23.2 2 1
github.com/Marlliton/ffcmd/internal/ffmpeg/read.go:21.48,24.2 2 1
github.com/Marlliton/ffcmd/internal/ffmpeg/read.go:29.49,32.2 2 0
github.com/Marlliton/ffcmd/internal/ffmpeg/read.go:37.49,40.2 2 0
github.com/Marlliton/ffcmd/internal/ffmpeg/read.go:43.48,46.2 2 1
github.com/Marlliton/ffcmd/internal/ffmpeg/read.go:48.40,50.2 1 0
github.com/Marlliton/ffcmd/internal/ffmpeg/read.go:52.50,56.2 3 1
github.com/Marlliton/ffcmd/internal/ffmpeg/utils.go:8.42,15.2 5 1
github.com/Marlliton/ffcmd/internal/ffmpeg/write.go:28.50,31.2 2 1
github.com/Marlliton/ffcmd/internal/ffmpeg/write.go:36.51,39.2 2 0
github.com/Marlliton/ffcmd/internal/ffmpeg/write.go:44.51,47.2 2 0
github.com/Marlliton/ffcmd/internal/ffmpeg/write.go:50.56,53.2 2 1
github.com/Marlliton/ffcmd/internal/ffmpeg/write.go:56.56,59.2 2 1
github.com/Marlliton/ffcmd/internal/ffmpeg/write.go:62.59,65.2 2 1
github.com/Marlliton/ffcmd/internal/ffmpeg/write.go:68.84,71.2 2 0
github.com/Marlliton/ffcmd/internal/ffmpeg/write.go:74.43,77.2 2 0
github.com/Marlliton/ffcmd/internal/ffmpeg/write.go:80.43,83.2 2 0
github.com/Marlliton/ffcmd/internal/ffmpeg/write.go:85.46,88.2 2 1
github.com/Marlliton/ffcmd/internal/ffmpeg/write.go:90.51,93.2 2 1
github.com/Marlliton/ffcmd/internal/ffmpeg/write.go:96.35,104.2 6 1
